<?xml version="1.0" encoding="UTF-8"?>
<testsuite xmlns:xsi="http://www.w3.org/2001/XMLSchema-instance" xsi:noNamespaceSchemaLocation="https://maven.apache.org/surefire/maven-surefire-plugin/xsd/surefire-test-report.xsd" name="it.example.AppTest" time="0.735" tests="1" errors="0" skipped="0" failures="0">
  <properties>
    <property name="java.specification.version" value="20"/>
    <property name="sun.cpu.isalist" value="amd64"/>
    <property name="sun.jnu.encoding" value="Cp1252"/>
    <property name="java.class.path" value="C:\Users\IL MIO PC\Documents\linguaggi\alto_livello\Java\progetti\1-soundWaveGenerator\3.0-fxml\14-page2\javafx\target\test-classes;C:\Users\IL MIO PC\Documents\linguaggi\alto_livello\Java\progetti\1-soundWaveGenerator\3.0-fxml\14-page2\javafx\target\classes;C:\Users\IL MIO PC\.m2\repository\junit\junit\4.11\junit-4.11.jar;C:\Users\IL MIO PC\.m2\repository\org\hamcrest\hamcrest-core\1.3\hamcrest-core-1.3.jar;C:\Users\IL MIO PC\.m2\repository\org\openjfx\javafx-controls\21-ea+23\javafx-controls-21-ea+23.jar;C:\Users\IL MIO PC\.m2\repository\org\openjfx\javafx-controls\21-ea+23\javafx-controls-21-ea+23-win.jar;C:\Users\IL MIO PC\.m2\repository\org\openjfx\javafx-graphics\21-ea+23\javafx-graphics-21-ea+23.jar;C:\Users\IL MIO PC\.m2\repository\org\openjfx\javafx-graphics\21-ea+23\javafx-graphics-21-ea+23-win.jar;C:\Users\IL MIO PC\.m2\repository\org\openjfx\javafx-base\21-ea+23\javafx-base-21-ea+23.jar;C:\Users\IL MIO PC\.m2\repository\org\openjfx\javafx-base\21-ea+23\javafx-base-21-ea+23-win.jar;C:\Users\IL MIO PC\.m2\repository\org\openjfx\javafx-fxml\21-ea+23\javafx-fxml-21-ea+23.jar;C:\Users\IL MIO PC\.m2\repository\org\openjfx\javafx-fxml\21-ea+23\javafx-fxml-21-ea+23-win.jar;C:\Users\IL MIO PC\.m2\repository\org\openjfx\javafx-swing\21-ea+24\javafx-swing-21-ea+24.jar;C:\Users\IL MIO PC\.m2\repository\org\openjfx\javafx-swing\21-ea+24\javafx-swing-21-ea+24-win.jar;C:\Users\IL MIO PC\.m2\repository\org\jfree\jfreechart\1.5.4\jfreechart-1.5.4.jar;C:\Users\IL MIO PC\.m2\repository\org\mozilla\rhino\1.7.14\rhino-1.7.14.jar;C:\Users\IL MIO PC\.m2\repository\org\json\org.json\chargebee-1.0\org.json-chargebee-1.0.jar;"/>
    <property name="java.vm.vendor" value="Oracle Corporation"/>
    <property name="sun.arch.data.model" value="64"/>
    <property name="user.variant" value=""/>
    <property name="java.vendor.url" value="https://java.oracle.com/"/>
    <property name="user.timezone" value="Europe/Berlin"/>
    <property name="os.name" value="Windows 10"/>
    <property name="java.vm.specification.version" value="20"/>
    <property name="sun.java.launcher" value="SUN_STANDARD"/>
    <property name="user.country" value="GB"/>
    <property name="sun.boot.library.path" value="C:\Program Files\Java\jdk-20\bin"/>
    <property name="sun.java.command" value="C:\Users\ILMIOP~1\AppData\Local\Temp\surefire15800931762276116424\surefirebooter4452623170163416695.jar C:\Users\IL MIO PC\AppData\Local\Temp\surefire15800931762276116424 2023-09-12T13-43-38_080-jvmRun1 surefire12846532804620424132tmp surefire_016320034701651721818tmp"/>
    <property name="jdk.debug" value="release"/>
    <property name="surefire.test.class.path" value="C:\Users\IL MIO PC\Documents\linguaggi\alto_livello\Java\progetti\1-soundWaveGenerator\3.0-fxml\14-page2\javafx\target\test-classes;C:\Users\IL MIO PC\Documents\linguaggi\alto_livello\Java\progetti\1-soundWaveGenerator\3.0-fxml\14-page2\javafx\target\classes;C:\Users\IL MIO PC\.m2\repository\junit\junit\4.11\junit-4.11.jar;C:\Users\IL MIO PC\.m2\repository\org\hamcrest\hamcrest-core\1.3\hamcrest-core-1.3.jar;C:\Users\IL MIO PC\.m2\repository\org\openjfx\javafx-controls\21-ea+23\javafx-controls-21-ea+23.jar;C:\Users\IL MIO PC\.m2\repository\org\openjfx\javafx-controls\21-ea+23\javafx-controls-21-ea+23-win.jar;C:\Users\IL MIO PC\.m2\repository\org\openjfx\javafx-graphics\21-ea+23\javafx-graphics-21-ea+23.jar;C:\Users\IL MIO PC\.m2\repository\org\openjfx\javafx-graphics\21-ea+23\javafx-graphics-21-ea+23-win.jar;C:\Users\IL MIO PC\.m2\repository\org\openjfx\javafx-base\21-ea+23\javafx-base-21-ea+23.jar;C:\Users\IL MIO PC\.m2\repository\org\openjfx\javafx-base\21-ea+23\javafx-base-21-ea+23-win.jar;C:\Users\IL MIO PC\.m2\repository\org\openjfx\javafx-fxml\21-ea+23\javafx-fxml-21-ea+23.jar;C:\Users\IL MIO PC\.m2\repository\org\openjfx\javafx-fxml\21-ea+23\javafx-fxml-21-ea+23-win.jar;C:\Users\IL MIO PC\.m2\repository\org\openjfx\javafx-swing\21-ea+24\javafx-swing-21-ea+24.jar;C:\Users\IL MIO PC\.m2\repository\org\openjfx\javafx-swing\21-ea+24\javafx-swing-21-ea+24-win.jar;C:\Users\IL MIO PC\.m2\repository\org\jfree\jfreechart\1.5.4\jfreechart-1.5.4.jar;C:\Users\IL MIO PC\.m2\repository\org\mozilla\rhino\1.7.14\rhino-1.7.14.jar;C:\Users\IL MIO PC\.m2\repository\org\json\org.json\chargebee-1.0\org.json-chargebee-1.0.jar;"/>
    <property name="sun.cpu.endian" value="little"/>
    <property name="user.home" value="C:\Users\IL MIO PC"/>
    <property name="user.language" value="en"/>
    <property name="java.specification.vendor" value="Oracle Corporation"/>
    <property name="java.version.date" value="2023-03-21"/>
    <property name="java.home" value="C:\Program Files\Java\jdk-20"/>
    <property name="file.separator" value="\"/>
    <property name="basedir" value="C:\Users\IL MIO PC\Documents\linguaggi\alto_livello\Java\progetti\1-soundWaveGenerator\3.0-fxml\14-page2\javafx"/>
    <property name="java.vm.compressedOopsMode" value="32-bit"/>
    <property name="line.separator" value="&#10;"/>
    <property name="java.vm.specification.vendor" value="Oracle Corporation"/>
    <property name="java.specification.name" value="Java Platform API Specification"/>
    <property name="surefire.real.class.path" value="C:\Users\ILMIOP~1\AppData\Local\Temp\surefire15800931762276116424\surefirebooter4452623170163416695.jar"/>
    <property name="user.script" value=""/>
    <property name="sun.management.compiler" value="HotSpot 64-Bit Tiered Compilers"/>
    <property name="java.runtime.version" value="20+36-2344"/>
    <property name="user.name" value="IL MIO PC"/>
    <property name="stdout.encoding" value="Cp1252"/>
    <property name="path.separator" value=";"/>
    <property name="os.version" value="10.0"/>
    <property name="java.runtime.name" value="Java(TM) SE Runtime Environment"/>
    <property name="file.encoding" value="UTF-8"/>
    <property name="java.vm.name" value="Java HotSpot(TM) 64-Bit Server VM"/>
    <property name="localRepository" value="C:\Users\IL MIO PC\.m2\repository"/>
    <property name="java.vendor.url.bug" value="https://bugreport.java.com/bugreport/"/>
    <property name="java.io.tmpdir" value="C:\Users\ILMIOP~1\AppData\Local\Temp\"/>
    <property name="java.version" value="20"/>
    <property name="user.dir" value="C:\Users\IL MIO PC\Documents\linguaggi\alto_livello\Java\progetti\1-soundWaveGenerator\3.0-fxml\14-page2\javafx"/>
    <property name="os.arch" value="amd64"/>
    <property name="java.vm.specification.name" value="Java Virtual Machine Specification"/>
    <property name="sun.os.patch.level" value=""/>
    <property name="native.encoding" value="Cp1252"/>
    <property name="java.library.path" value="C:\Program Files\Java\jdk-20\bin;C:\Windows\Sun\Java\bin;C:\Windows\system32;C:\Windows;C:\Program Files\Microsoft\jdk-11.0.18.10-hotspot\bin;C:\Program Files\Common Files\Oracle\Java\javapath;C:\Windows\system32;C:\Windows;C:\Windows\System32\Wbem;C:\Windows\System32\WindowsPowerShell\v1.0\;C:\Windows\System32\OpenSSH\;C:\xampp\php;C:\ProgramData\ComposerSetup\bin;C:\lib\javafx-sdk-19.0.2.1\lib;C:\Program Files\Git\cmd;C:\ProgramData\chocolatey\bin;C:\Program Files\nodejs\;C:\Program Files\Go\bin;C:\Program Files\Java\jdk-20;C:\Windows\system32;C:\Windows;C:\Windows\System32\Wbem;C:\Windows\System32\WindowsPowerShell\v1.0\;C:\Windows\System32\OpenSSH\;C:\xampp\php;C:\ProgramData\ComposerSetup\bin;C:\lib\javafx-sdk-19.0.2.1\lib;C:\Program Files\Go\bin;C:\Program Files\Git\cmd;C:\ProgramData\chocolatey\bin;C:\Program Files\nodejs\;C:\Users\IL MIO PC\AppData\Local\Programs\Python\Python311\Scripts\;C:\Users\IL MIO PC\AppData\Local\Programs\Python\Python311\;C:\Users\IL MIO PC\AppData\Local\Microsoft\WindowsApps;C:\Users\IL MIO PC\AppData\Local\Programs\Microsoft VS Code\bin;C:\Users\IL MIO PC\AppData\Roaming\Composer\vendor\bin;C:\Program Files\apache-maven-3.x.y\bin;C:\Users\IL MIO PC\go\bin;C:\Users\IL MIO PC\AppData\Roaming\npm;C:\Users\IL MIO PC\Desktop\react-native-app\my-react-app\android\gradlew.bat;C:\Users\IL MIO PC\go\bin;."/>
    <property name="java.vm.info" value="mixed mode, sharing"/>
    <property name="stderr.encoding" value="Cp1252"/>
    <property name="java.vendor" value="Oracle Corporation"/>
    <property name="java.vm.version" value="20+36-2344"/>
    <property name="sun.io.unicode.encoding" value="UnicodeLittle"/>
    <property name="java.class.version" value="64.0"/>
  </properties>
  <testcase name="shouldAnswerWithTrue" classname="it.example.AppTest" time="0.01"/>
</testsuite>